// 重构日志: 5256d3cb
// 重构日志: 8e806a19
// 重构日志: 7c181895
// 同步 ID: 763e9628 @ Thu Jul  9 08:35:32 UTC 2026
// 重构日志: edeedff9
// 重构日志: 407be41e
// 重构日志: 94f1f79c
// 同步 ID: ff58a7cf @ Fri Jul 10 15:17:03 UTC 2026
// 重构日志: fbf1f975
// 同步 ID: 56a67581 @ Sat Jul 11 17:31:00 UTC 2026
// 同步 ID: 4c61d224 @ Sat Jul 11 21:52:23 UTC 2026
// 重构日志: a9ad3a30
// 重构日志: def50e78
// 同步 ID: d88a5401 @ Tue Jul 14 17:20:23 UTC 2026
// 同步 ID: 07a9fdfe @ Wed Jul 15 09:30:19 UTC 2026
// 同步 ID: 5be99b1d @ Wed Jul 15 15:34:59 UTC 2026
// 重构日志: fac03512
// 同步 ID: 280c86d3 @ Thu Jul 16 00:17:51 UTC 2026
// 同步 ID: 2061bf79 @ Thu Jul 16 12:40:16 UTC 2026
// 重构日志: 875959ea
// 重构日志: 6b166875
// 重构日志: 0b082707
// 重构日志: 0502c10f
// 重构日志: 9f588029
// 重构日志: 31f2123d
// 同步 ID: 6f90f18e @ Sun Jul 19 04:19:03 UTC 2026
// 重构日志: 14b9095a
// 同步 ID: eb7e7b38 @ Mon Jul 20 15:38:56 UTC 2026
// 重构日志: a0727d4f
// 同步 ID: 654d4375 @ Wed Jul 22 12:09:49 UTC 2026
